<?xml version="1.0" encoding="UTF-8"?>
<testng-results ignored="0" total="9" passed="8" failed="1" skipped="0">
  <reporter-output>
  </reporter-output>
  <suite started-at="2023-10-22T11:02:09 IST" name="Default suite" finished-at="2023-10-22T11:03:42 IST" duration-ms="93695">
    <groups>
      <group name="cucumber">
        <method signature="AbstractTestNGCucumberTests.runScenario(io.cucumber.testng.PickleWrapper, io.cucumber.testng.FeatureWrapper)[pri:0, instance:com.agastya.utilities.FeatureRunner@52719fb6]" name="runScenario" class="io.cucumber.testng.AbstractTestNGCucumberTests"/>
      </group> <!-- cucumber -->
    </groups>
    <test started-at="2023-10-22T11:02:09 IST" name="Default test" finished-at="2023-10-22T11:03:42 IST" duration-ms="93695">
      <class name="com.agastya.utilities.FeatureRunner">
        <test-method is-config="true" signature="setUpClass(org.testng.ITestContext)[pri:0, instance:com.agastya.utilities.FeatureRunner@52719fb6]" started-at="2023-10-22T11:02:09 IST" name="setUpClass" finished-at="2023-10-22T11:02:09 IST" duration-ms="361" status="PASS">
          <params>
            <param index="0">
              <value>
                <![CDATA[org.testng.TestRunner@19fec3d6]]>
              </value>
            </param>
          </params>
          <reporter-output>
          </reporter-output>
        </test-method> <!-- setUpClass -->
        <test-method signature="runScenario(io.cucumber.testng.PickleWrapper, io.cucumber.testng.FeatureWrapper)[pri:0, instance:com.agastya.utilities.FeatureRunner@52719fb6]" started-at="2023-10-22T11:02:09 IST" name="runScenario" description="Runs Cucumber Scenarios" data-provider="scenarios" finished-at="2023-10-22T11:02:16 IST" duration-ms="7369" status="PASS">
          <params>
            <param index="0">
              <value>
                <![CDATA["This is my first scenario"]]>
              </value>
            </param>
            <param index="1">
              <value>
                <![CDATA["This is my first feature"]]>
              </value>
            </param>
          </params>
          <reporter-output>
          </reporter-output>
        </test-method> <!-- runScenario -->
        <test-method signature="runScenario(io.cucumber.testng.PickleWrapper, io.cucumber.testng.FeatureWrapper)[pri:0, instance:com.agastya.utilities.FeatureRunner@52719fb6]" started-at="2023-10-22T11:02:16 IST" name="runScenario" description="Runs Cucumber Scenarios" data-provider="scenarios" finished-at="2023-10-22T11:02:49 IST" duration-ms="32918" status="FAIL">
          <params>
            <param index="0">
              <value>
                <![CDATA["Verify search results for Sneakers"]]>
              </value>
            </param>
            <param index="1">
              <value>
                <![CDATA["Scenarios mentioned in this file will test the search component for different products"]]>
              </value>
            </param>
          </params>
          <exception class="java.lang.AssertionError">
            <message>
              <![CDATA[The following asserts failed:
Product title: Essentials: THE SNEAKER doesnt  contain Sneaker expected [true] but found [false],
Product title: Men Gamescape sneaker doesnt  contain Sneaker expected [true] but found [false],
Product title: Men Pro sneaker doesnt  contain Sneaker expected [true] but found [false]]]>
            </message>
            <full-stacktrace>
              <![CDATA[java.lang.AssertionError: The following asserts failed:
Product title: Essentials: THE SNEAKER doesnt  contain Sneaker expected [true] but found [false],
Product title: Men Gamescape sneaker doesnt  contain Sneaker expected [true] but found [false],
Product title: Men Pro sneaker doesnt  contain Sneaker expected [true] but found [false]
at org.testng.asserts.SoftAssert.assertAll(SoftAssert.java:47)
at org.testng.asserts.SoftAssert.assertAll(SoftAssert.java:31)
at com.agastya.stepdefinitions.MyntraSteps.all_results_must_contain_sneakers_word_in_the_product_title(MyntraSteps.java:37)
at ✽.All results must contain Sneakers word in the product title(file:///Volumes/extra/Testing%20Shastra/Carnation23A/agastya/src/test/resources/Features/MyntraTest.feature:6)
]]>
            </full-stacktrace>
          </exception> <!-- java.lang.AssertionError -->
          <reporter-output>
          </reporter-output>
        </test-method> <!-- runScenario -->
        <test-method signature="runScenario(io.cucumber.testng.PickleWrapper, io.cucumber.testng.FeatureWrapper)[pri:0, instance:com.agastya.utilities.FeatureRunner@52719fb6]" started-at="2023-10-22T11:02:49 IST" name="runScenario" description="Runs Cucumber Scenarios" data-provider="scenarios" finished-at="2023-10-22T11:02:53 IST" duration-ms="3761" status="PASS">
          <params>
            <param index="0">
              <value>
                <![CDATA["Passing parameter to scenario step"]]>
              </value>
            </param>
            <param index="1">
              <value>
                <![CDATA["This features explains parameterization"]]>
              </value>
            </param>
          </params>
          <reporter-output>
          </reporter-output>
        </test-method> <!-- runScenario -->
        <test-method signature="runScenario(io.cucumber.testng.PickleWrapper, io.cucumber.testng.FeatureWrapper)[pri:0, instance:com.agastya.utilities.FeatureRunner@52719fb6]" started-at="2023-10-22T11:02:53 IST" name="runScenario" description="Runs Cucumber Scenarios" data-provider="scenarios" finished-at="2023-10-22T11:03:02 IST" duration-ms="8705" status="PASS">
          <params>
            <param index="0">
              <value>
                <![CDATA["Data driven testing with cucumber"]]>
              </value>
            </param>
            <param index="1">
              <value>
                <![CDATA["This features explains parameterization"]]>
              </value>
            </param>
          </params>
          <reporter-output>
          </reporter-output>
        </test-method> <!-- runScenario -->
        <test-method signature="runScenario(io.cucumber.testng.PickleWrapper, io.cucumber.testng.FeatureWrapper)[pri:0, instance:com.agastya.utilities.FeatureRunner@52719fb6]" started-at="2023-10-22T11:03:02 IST" name="runScenario" description="Runs Cucumber Scenarios" data-provider="scenarios" finished-at="2023-10-22T11:03:06 IST" duration-ms="3696" status="PASS">
          <params>
            <param index="0">
              <value>
                <![CDATA["Data driven testing with cucumber"]]>
              </value>
            </param>
            <param index="1">
              <value>
                <![CDATA["This features explains parameterization"]]>
              </value>
            </param>
          </params>
          <reporter-output>
          </reporter-output>
        </test-method> <!-- runScenario -->
        <test-method signature="runScenario(io.cucumber.testng.PickleWrapper, io.cucumber.testng.FeatureWrapper)[pri:0, instance:com.agastya.utilities.FeatureRunner@52719fb6]" started-at="2023-10-22T11:03:06 IST" name="runScenario" description="Runs Cucumber Scenarios" data-provider="scenarios" finished-at="2023-10-22T11:03:14 IST" duration-ms="7994" status="PASS">
          <params>
            <param index="0">
              <value>
                <![CDATA["Data driven testing with cucumber"]]>
              </value>
            </param>
            <param index="1">
              <value>
                <![CDATA["This features explains parameterization"]]>
              </value>
            </param>
          </params>
          <reporter-output>
          </reporter-output>
        </test-method> <!-- runScenario -->
        <test-method signature="runScenario(io.cucumber.testng.PickleWrapper, io.cucumber.testng.FeatureWrapper)[pri:0, instance:com.agastya.utilities.FeatureRunner@52719fb6]" started-at="2023-10-22T11:03:14 IST" name="runScenario" description="Runs Cucumber Scenarios" data-provider="scenarios" finished-at="2023-10-22T11:03:25 IST" duration-ms="11789" status="PASS">
          <params>
            <param index="0">
              <value>
                <![CDATA["Data driven testing with cucumber"]]>
              </value>
            </param>
            <param index="1">
              <value>
                <![CDATA["This features explains parameterization"]]>
              </value>
            </param>
          </params>
          <reporter-output>
          </reporter-output>
        </test-method> <!-- runScenario -->
        <test-method signature="runScenario(io.cucumber.testng.PickleWrapper, io.cucumber.testng.FeatureWrapper)[pri:0, instance:com.agastya.utilities.FeatureRunner@52719fb6]" started-at="2023-10-22T11:03:25 IST" name="runScenario" description="Runs Cucumber Scenarios" data-provider="scenarios" finished-at="2023-10-22T11:03:38 IST" duration-ms="13098" status="PASS">
          <params>
            <param index="0">
              <value>
                <![CDATA["Data driven testing with cucumber"]]>
              </value>
            </param>
            <param index="1">
              <value>
                <![CDATA["This features explains parameterization"]]>
              </value>
            </param>
          </params>
          <reporter-output>
          </reporter-output>
        </test-method> <!-- runScenario -->
        <test-method signature="runScenario(io.cucumber.testng.PickleWrapper, io.cucumber.testng.FeatureWrapper)[pri:0, instance:com.agastya.utilities.FeatureRunner@52719fb6]" started-at="2023-10-22T11:03:38 IST" name="runScenario" description="Runs Cucumber Scenarios" data-provider="scenarios" finished-at="2023-10-22T11:03:42 IST" duration-ms="3786" status="PASS">
          <params>
            <param index="0">
              <value>
                <![CDATA["Data driven testing with cucumber"]]>
              </value>
            </param>
            <param index="1">
              <value>
                <![CDATA["This features explains parameterization"]]>
              </value>
            </param>
          </params>
          <reporter-output>
          </reporter-output>
        </test-method> <!-- runScenario -->
        <test-method is-config="true" signature="tearDownClass()[pri:0, instance:com.agastya.utilities.FeatureRunner@52719fb6]" started-at="2023-10-22T11:03:42 IST" name="tearDownClass" finished-at="2023-10-22T11:03:42 IST" duration-ms="6" status="PASS">
          <reporter-output>
          </reporter-output>
        </test-method> <!-- tearDownClass -->
      </class> <!-- com.agastya.utilities.FeatureRunner -->
    </test> <!-- Default test -->
  </suite> <!-- Default suite -->
</testng-results>
